TN:
SF:./deps/pipetest/pipetest.sh
FNF:0
FNH:0
DA:29,2
DA:31,1
DA:32,1
DA:33,1
DA:34,0
DA:41,0
DA:42,0
DA:43,0
DA:45,0
DA:52,0
DA:53,0
DA:54,0
DA:62,0
DA:63,0
DA:64,0
DA:65,0
DA:66,0
DA:67,0
DA:69,0
DA:70,0
DA:71,0
DA:73,0
DA:75,0
DA:76,0
DA:78,0
DA:80,0
DA:81,0
DA:82,0
DA:84,0
DA:86,0
DA:87,0
DA:89,0
DA:96,0
DA:103,0
DA:109,1
DA:110,0
DA:111,0
DA:112,0
DA:113,0
DA:114,0
DA:115,0
DA:117,0
LF:42
LH:5
end_of_record
TN:
SF:./lcov.sh
FNF:0
FNH:0
DA:29,2
DA:31,1
DA:33,1
DA:36,0
DA:37,0
DA:38,0
DA:39,0
DA:40,0
DA:41,0
DA:42,0
DA:43,0
DA:44,0
DA:45,0
DA:46,0
DA:47,0
DA:48,0
DA:51,1
DA:53,2
DA:54,2
DA:56,2
DA:57,0
DA:58,1
DA:59,1
DA:61,0
DA:62,0
DA:63,0
DA:67,1
DA:68,1
DA:69,1
DA:70,1
DA:71,1
DA:72,1
DA:73,2
DA:75,2
DA:77,2
DA:78,2
DA:79,2
DA:80,0
DA:81,0
DA:82,0
DA:83,0
DA:84,0
DA:85,2
DA:87,1
DA:99,0
DA:100,0
DA:102,0
DA:104,0
DA:116,0
DA:117,0
DA:119,0
DA:121,0
DA:122,0
DA:124,0
DA:128,0
DA:130,0
DA:142,0
DA:143,0
DA:145,0
DA:146,0
DA:148,0
DA:150,0
DA:151,0
DA:152,0
DA:153,0
DA:156,0
DA:168,0
DA:169,0
DA:170,0
DA:171,0
DA:172,0
DA:174,0
DA:175,0
DA:176,0
DA:177,0
DA:178,0
DA:179,0
DA:180,0
DA:181,0
DA:182,0
DA:183,0
DA:184,0
DA:185,0
DA:186,0
DA:187,0
DA:188,0
DA:189,0
DA:190,0
DA:191,0
DA:192,0
DA:204,0
DA:205,0
DA:206,0
DA:207,0
DA:208,0
DA:209,0
DA:210,0
DA:211,0
DA:212,0
DA:213,0
DA:215,0
DA:216,0
DA:218,0
DA:219,0
DA:220,0
DA:221,0
DA:222,0
DA:229,0
DA:230,0
DA:231,0
DA:238,0
DA:239,0
DA:246,0
DA:247,0
DA:248,0
DA:249,0
DA:250,0
DA:251,0
DA:252,0
DA:253,0
DA:260,0
DA:261,0
DA:262,0
DA:263,0
DA:264,0
DA:265,0
DA:266,0
DA:267,0
DA:268,0
DA:269,0
DA:270,0
DA:271,0
DA:272,0
DA:273,0
DA:274,0
DA:275,0
DA:276,0
DA:277,0
DA:278,0
DA:279,0
DA:280,0
DA:281,0
DA:282,0
DA:284,0
DA:286,0
DA:287,0
DA:288,0
DA:289,0
DA:292,0
DA:293,0
DA:296,0
DA:303,1
DA:304,1
DA:305,1
DA:308,2
DA:310,1
DA:312,2
DA:313,1
DA:314,1
DA:321,0
DA:322,0
DA:323,0
DA:326,0
DA:327,0
DA:328,0
DA:331,0
DA:333,0
DA:334,0
DA:337,0
DA:341,1
DA:342,0
LF:171
LH:31
end_of_record
TN:
SF:./test/fixtures/sample.sh
FNF:0
FNH:0
DA:2,0
DA:4,0
DA:5,0
LF:3
LH:0
end_of_record
TN:
SF:./test/fixtures/test1.sh
FNF:0
FNH:0
DA:2,0
DA:6,0
DA:8,0
LF:3
LH:0
end_of_record
TN:
SF:./test/fixtures/test2.sh
FNF:0
FNH:0
DA:2,0
DA:6,0
DA:7,0
DA:8,0
LF:4
LH:0
end_of_record
TN:
SF:./test/get_files.test.sh
FNF:0
FNH:0
DA:2,0
DA:4,0
DA:5,0
DA:7,0
DA:10,0
DA:12,0
DA:17,0
LF:7
LH:0
end_of_record
TN:
SF:./test/get_uuid.test.sh
FNF:0
FNH:0
DA:2,0
DA:4,0
DA:5,0
DA:7,0
LF:4
LH:0
end_of_record
TN:
SF:./test/lcov_done.test.sh
FNF:0
FNH:0
DA:2,0
DA:4,0
DA:6,0
DA:8,0
LF:4
LH:0
end_of_record
TN:
SF:./test/lcov_init.test.sh
FNF:0
FNH:0
DA:2,0
DA:4,0
DA:5,0
DA:7,0
DA:9,0
DA:11,0
DA:12,0
DA:14,0
DA:20,0
LF:9
LH:0
end_of_record
TN:
SF:./test/lcov_scan.test.sh
FNF:0
FNH:0
DA:2,0
DA:4,0
DA:5,0
DA:7,0
DA:15,0
LF:5
LH:0
end_of_record
TN:
SF:./test/run.test.sh
FNF:0
FNH:0
DA:2,0
DA:4,0
DA:5,0
DA:7,0
DA:8,0
LF:5
LH:0
end_of_record
TN:
SF:test/run.test.sh
FNF:0
FNH:0
DA:2,1
DA:4,1
DA:5,1
DA:7,1
DA:8,1
DA:9,1
LF:6
LH:6
end_of_record
