TN:
SF:test/run.test.sh
DA:2,1
end_of_record
TN:
SF:test/run.test.sh
DA:4,1
end_of_record
TN:
SF:./deps/pipetest/pipetest.sh
DA:29,1
end_of_record
TN:
SF:./deps/pipetest/pipetest.sh
DA:29,1
end_of_record
TN:
SF:./deps/pipetest/pipetest.sh
DA:31,1
end_of_record
TN:
SF:./deps/pipetest/pipetest.sh
DA:32,1
end_of_record
TN:
SF:./deps/pipetest/pipetest.sh
DA:33,1
end_of_record
TN:
SF:./deps/pipetest/pipetest.sh
DA:109,1
end_of_record
TN:
SF:test/run.test.sh
DA:5,1
end_of_record
TN:
SF:./lcov.sh
DA:29,1
end_of_record
TN:
SF:./lcov.sh
DA:29,1
end_of_record
TN:
SF:./lcov.sh
DA:31,1
end_of_record
TN:
SF:./lcov.sh
DA:33,1
end_of_record
TN:
SF:./lcov.sh
DA:51,1
end_of_record
TN:
SF:./lcov.sh
DA:53,1
end_of_record
TN:
SF:./lcov.sh
DA:53,1
end_of_record
TN:
SF:./lcov.sh
DA:54,1
end_of_record
TN:
SF:./lcov.sh
DA:54,1
end_of_record
TN:
SF:./lcov.sh
DA:56,1
end_of_record
TN:
SF:./lcov.sh
DA:56,1
end_of_record
TN:
SF:./lcov.sh
DA:58,1
end_of_record
TN:
SF:./lcov.sh
DA:59,1
end_of_record
TN:
SF:./lcov.sh
DA:67,1
end_of_record
TN:
SF:./lcov.sh
DA:68,1
end_of_record
TN:
SF:./lcov.sh
DA:69,1
end_of_record
TN:
SF:./lcov.sh
DA:70,1
end_of_record
TN:
SF:./lcov.sh
DA:71,1
end_of_record
TN:
SF:./lcov.sh
DA:72,1
end_of_record
TN:
SF:./lcov.sh
DA:73,1
end_of_record
TN:
SF:./lcov.sh
DA:73,1
end_of_record
TN:
SF:./lcov.sh
DA:75,1
end_of_record
TN:
SF:./lcov.sh
DA:75,1
end_of_record
TN:
SF:./lcov.sh
DA:77,1
end_of_record
TN:
SF:./lcov.sh
DA:78,1
end_of_record
TN:
SF:./lcov.sh
DA:79,1
end_of_record
TN:
SF:./lcov.sh
DA:79,1
end_of_record
TN:
SF:./lcov.sh
DA:87,1
end_of_record
TN:
SF:./lcov.sh
DA:77,1
end_of_record
TN:
SF:./lcov.sh
DA:78,1
end_of_record
TN:
SF:./lcov.sh
DA:85,1
end_of_record
TN:
SF:./lcov.sh
DA:85,1
end_of_record
TN:
SF:./lcov.sh
DA:341,1
end_of_record
TN:
SF:test/run.test.sh
DA:7,1
end_of_record
TN:
SF:./lcov.sh
DA:303,1
end_of_record
TN:
SF:./lcov.sh
DA:304,1
end_of_record
TN:
SF:./lcov.sh
DA:305,1
end_of_record
TN:
SF:./lcov.sh
DA:308,1
end_of_record
TN:
SF:./lcov.sh
DA:308,1
end_of_record
TN:
SF:./lcov.sh
DA:310,1
end_of_record
TN:
SF:./lcov.sh
DA:312,1
end_of_record
TN:
SF:./lcov.sh
DA:312,1
end_of_record
TN:
SF:./lcov.sh
DA:313,1
end_of_record
TN:
SF:./lcov.sh
DA:314,1
end_of_record
TN:
SF:test/run.test.sh
DA:8,1
end_of_record
TN:
SF:test/run.test.sh
DA:9,1
end_of_record
