TN:
SF:/home/francesco/Develop/Javanile/lcov.sh/docs/examples/mixed/script.sh
FNF:0
FNH:0
DA:3,4
DA:9,2
DA:10,2
DA:11,2
DA:12,2
DA:14,4
DA:15,1
DA:17,2
DA:18,1
DA:19,1
DA:20,0
DA:21,0
DA:22,0
DA:24,0
DA:25,0
DA:33,2
DA:34,2
DA:36,2
DA:37,0
DA:38,0
DA:40,0
DA:41,0
DA:43,0
DA:44,0
DA:46,2
DA:47,2
DA:49,0
DA:50,0
DA:59,1
DA:60,1
DA:62,1
DA:63,0
DA:64,0
DA:67,1
DA:68,1
DA:69,1
DA:70,1
DA:74,0
DA:75,0
DA:77,1
DA:78,1
DA:79,0
DA:80,1
DA:81,0
DA:83,0
DA:84,0
DA:85,0
DA:86,0
DA:87,1
DA:88,1
DA:89,1
DA:97,0
DA:98,0
DA:99,0
DA:100,2
DA:101,2
DA:102,2
DA:103,2
DA:105,2
DA:106,4
DA:107,0
DA:108,2
DA:109,1
DA:110,1
DA:112,1
DA:113,1
LF:66
LH:39
end_of_record
